
*** Running vivado
    with args -log mmcm_100_to_25_175.vds -m64 -product Vivado -mode batch -messageDb vivado.pb -notrace -source mmcm_100_to_25_175.tcl


****** Vivado v2024.1 (64-bit)
  **** SW Build 5076996 on Wed May 22 18:36:09 MDT 2024
  **** IP Build 5075265 on Wed May 22 21:45:21 MDT 2024
  **** SharedData Build 5076995 on Wed May 22 18:29:18 MDT 2024
  **** Start of session at: Mon Nov 25 16:25:54 2024
    ** Copyright 1986-2022 Xilinx, Inc. All Rights Reserved.
    ** Copyright 2022-2024 Advanced Micro Devices, Inc. All Rights Reserved.

source mmcm_100_to_25_175.tcl -notrace
create_project: Time (s): cpu = 00:00:06 ; elapsed = 00:00:06 . Memory (MB): peak = 1412.871 ; gain = 0.027 ; free physical = 7282 ; free virtual = 12889
INFO: [IP_Flow 19-6924] IPCACHE: Running cache check for IP inst: mmcm_100_to_25_175
Command: synth_design -top mmcm_100_to_25_175 -part xc7a35tcpg236-1 -incremental_mode off -mode out_of_context
Starting synth_design
Attempting to get a license for feature 'Synthesis' and/or device 'xc7a35t'
INFO: [Common 17-349] Got license for feature 'Synthesis' and/or device 'xc7a35t'
INFO: [Device 21-403] Loading part xc7a35tcpg236-1
INFO: [Device 21-9227] Part: xc7a35tcpg236-1 does not have CEAM library.
INFO: [Synth 8-7079] Multithreading enabled for synth_design using a maximum of 4 processes.
INFO: [Synth 8-7078] Launching helper process for spawning children vivado processes
INFO: [Synth 8-7075] Helper process launched with PID 386092
---------------------------------------------------------------------------------
Starting RTL Elaboration : Time (s): cpu = 00:00:04 ; elapsed = 00:00:04 . Memory (MB): peak = 2121.711 ; gain = 412.801 ; free physical = 6245 ; free virtual = 11853
---------------------------------------------------------------------------------
INFO: [Synth 8-6157] synthesizing module 'mmcm_100_to_25_175' [/home/aringadre/cse100/lab6_2024.11.19.19.10/starter/synth/basys3/build/basys3/basys3.gen/sources_1/ip/mmcm_100_to_25_175/mmcm_100_to_25_175.v:65]
INFO: [Synth 8-6157] synthesizing module 'mmcm_100_to_25_175_clk_wiz' [/home/aringadre/cse100/lab6_2024.11.19.19.10/starter/synth/basys3/build/basys3/basys3.gen/sources_1/ip/mmcm_100_to_25_175/mmcm_100_to_25_175_clk_wiz.v:65]
INFO: [Synth 8-6157] synthesizing module 'IBUF' [/tools/Xilinx/Vivado/2024.1/scripts/rt/data/unisim_comp.v:73643]
INFO: [Synth 8-6155] done synthesizing module 'IBUF' (0#1) [/tools/Xilinx/Vivado/2024.1/scripts/rt/data/unisim_comp.v:73643]
INFO: [Synth 8-6157] synthesizing module 'MMCME2_ADV' [/tools/Xilinx/Vivado/2024.1/scripts/rt/data/unisim_comp.v:82388]
	Parameter BANDWIDTH bound to: OPTIMIZED - type: string 
	Parameter CLKFBOUT_MULT_F bound to: 36.375000 - type: double 
	Parameter CLKFBOUT_PHASE bound to: 0.000000 - type: double 
	Parameter CLKFBOUT_USE_FINE_PS bound to: FALSE - type: string 
	Parameter CLKIN1_PERIOD bound to: 10.000000 - type: double 
	Parameter CLKOUT0_DIVIDE_F bound to: 36.125000 - type: double 
	Parameter CLKOUT0_DUTY_CYCLE bound to: 0.500000 - type: double 
	Parameter CLKOUT0_PHASE bound to: 0.000000 - type: double 
	Parameter CLKOUT0_USE_FINE_PS bound to: FALSE - type: string 
	Parameter CLKOUT4_CASCADE bound to: FALSE - type: string 
	Parameter COMPENSATION bound to: ZHOLD - type: string 
	Parameter DIVCLK_DIVIDE bound to: 4 - type: integer 
	Parameter STARTUP_WAIT bound to: FALSE - type: string 
INFO: [Synth 8-6155] done synthesizing module 'MMCME2_ADV' (0#1) [/tools/Xilinx/Vivado/2024.1/scripts/rt/data/unisim_comp.v:82388]
INFO: [Synth 8-6157] synthesizing module 'BUFG' [/tools/Xilinx/Vivado/2024.1/scripts/rt/data/unisim_comp.v:1951]
INFO: [Synth 8-6155] done synthesizing module 'BUFG' (0#1) [/tools/Xilinx/Vivado/2024.1/scripts/rt/data/unisim_comp.v:1951]
INFO: [Synth 8-6155] done synthesizing module 'mmcm_100_to_25_175_clk_wiz' (0#1) [/home/aringadre/cse100/lab6_2024.11.19.19.10/starter/synth/basys3/build/basys3/basys3.gen/sources_1/ip/mmcm_100_to_25_175/mmcm_100_to_25_175_clk_wiz.v:65]
INFO: [Synth 8-6155] done synthesizing module 'mmcm_100_to_25_175' (0#1) [/home/aringadre/cse100/lab6_2024.11.19.19.10/starter/synth/basys3/build/basys3/basys3.gen/sources_1/ip/mmcm_100_to_25_175/mmcm_100_to_25_175.v:65]
---------------------------------------------------------------------------------
Finished RTL Elaboration : Time (s): cpu = 00:00:05 ; elapsed = 00:00:05 . Memory (MB): peak = 2198.680 ; gain = 489.770 ; free physical = 6157 ; free virtual = 11766
---------------------------------------------------------------------------------
---------------------------------------------------------------------------------
Start Handling Custom Attributes
---------------------------------------------------------------------------------
---------------------------------------------------------------------------------
Finished Handling Custom Attributes : Time (s): cpu = 00:00:05 ; elapsed = 00:00:05 . Memory (MB): peak = 2213.523 ; gain = 504.613 ; free physical = 6153 ; free virtual = 11763
---------------------------------------------------------------------------------
---------------------------------------------------------------------------------
Finished RTL Optimization Phase 1 : Time (s): cpu = 00:00:05 ; elapsed = 00:00:05 . Memory (MB): peak = 2213.523 ; gain = 504.613 ; free physical = 6153 ; free virtual = 11763
---------------------------------------------------------------------------------
Netlist sorting complete. Time (s): cpu = 00:00:00 ; elapsed = 00:00:00 . Memory (MB): peak = 2219.461 ; gain = 0.000 ; free physical = 6142 ; free virtual = 11751
INFO: [Netlist 29-17] Analyzing 1 Unisim elements for replacement
INFO: [Netlist 29-28] Unisim Transformation completed in 0 CPU seconds
INFO: [Project 1-570] Preparing netlist for logic optimization

Processing XDC Constraints
Initializing timing engine
Parsing XDC File [/home/aringadre/cse100/lab6_2024.11.19.19.10/starter/synth/basys3/build/basys3/basys3.gen/sources_1/ip/mmcm_100_to_25_175/mmcm_100_to_25_175_ooc.xdc] for cell 'inst'
Finished Parsing XDC File [/home/aringadre/cse100/lab6_2024.11.19.19.10/starter/synth/basys3/build/basys3/basys3.gen/sources_1/ip/mmcm_100_to_25_175/mmcm_100_to_25_175_ooc.xdc] for cell 'inst'
Parsing XDC File [/home/aringadre/cse100/lab6_2024.11.19.19.10/starter/synth/basys3/build/basys3/basys3.gen/sources_1/ip/mmcm_100_to_25_175/mmcm_100_to_25_175_board.xdc] for cell 'inst'
Finished Parsing XDC File [/home/aringadre/cse100/lab6_2024.11.19.19.10/starter/synth/basys3/build/basys3/basys3.gen/sources_1/ip/mmcm_100_to_25_175/mmcm_100_to_25_175_board.xdc] for cell 'inst'
Parsing XDC File [/home/aringadre/cse100/lab6_2024.11.19.19.10/starter/synth/basys3/build/basys3/basys3.gen/sources_1/ip/mmcm_100_to_25_175/mmcm_100_to_25_175.xdc] for cell 'inst'
Finished Parsing XDC File [/home/aringadre/cse100/lab6_2024.11.19.19.10/starter/synth/basys3/build/basys3/basys3.gen/sources_1/ip/mmcm_100_to_25_175/mmcm_100_to_25_175.xdc] for cell 'inst'
INFO: [Project 1-236] Implementation specific constraints were found while reading constraint file [/home/aringadre/cse100/lab6_2024.11.19.19.10/starter/synth/basys3/build/basys3/basys3.gen/sources_1/ip/mmcm_100_to_25_175/mmcm_100_to_25_175.xdc]. These constraints will be ignored for synthesis but will be used in implementation. Impacted constraints are listed in the file [.Xil/mmcm_100_to_25_175_propImpl.xdc].
Resolution: To avoid this warning, move constraints listed in [.Xil/mmcm_100_to_25_175_propImpl.xdc] to another XDC file and exclude this new file from synthesis with the used_in_synthesis property (File Properties dialog in GUI) and re-run elaboration/synthesis.
INFO: [Timing 38-2] Deriving generated clocks
Parsing XDC File [/home/aringadre/cse100/lab6_2024.11.19.19.10/starter/synth/basys3/build/basys3/basys3.runs/mmcm_100_to_25_175_synth_1/dont_touch.xdc]
Finished Parsing XDC File [/home/aringadre/cse100/lab6_2024.11.19.19.10/starter/synth/basys3/build/basys3/basys3.runs/mmcm_100_to_25_175_synth_1/dont_touch.xdc]
Completed Processing XDC Constraints

Netlist sorting complete. Time (s): cpu = 00:00:00 ; elapsed = 00:00:00 . Memory (MB): peak = 2286.461 ; gain = 0.000 ; free physical = 6143 ; free virtual = 11752
INFO: [Project 1-111] Unisim Transformation Summary:
No Unisim elements were transformed.

Constraint Validation Runtime : Time (s): cpu = 00:00:00.01 ; elapsed = 00:00:00.01 . Memory (MB): peak = 2286.461 ; gain = 0.000 ; free physical = 6143 ; free virtual = 11752
INFO: [Designutils 20-5008] Incremental synthesis strategy off
---------------------------------------------------------------------------------
Finished Constraint Validation : Time (s): cpu = 00:00:11 ; elapsed = 00:00:11 . Memory (MB): peak = 2286.461 ; gain = 577.551 ; free physical = 6132 ; free virtual = 11740
---------------------------------------------------------------------------------
---------------------------------------------------------------------------------
Start Loading Part and Timing Information
---------------------------------------------------------------------------------
Loading part: xc7a35tcpg236-1
---------------------------------------------------------------------------------
Finished Loading Part and Timing Information : Time (s): cpu = 00:00:11 ; elapsed = 00:00:11 . Memory (MB): peak = 2294.465 ; gain = 585.555 ; free physical = 6132 ; free virtual = 11740
---------------------------------------------------------------------------------
---------------------------------------------------------------------------------
Start Applying 'set_property' XDC Constraints
---------------------------------------------------------------------------------
Applied set_property KEEP_HIERARCHY = SOFT for inst. (constraint file  /home/aringadre/cse100/lab6_2024.11.19.19.10/starter/synth/basys3/build/basys3/basys3.runs/mmcm_100_to_25_175_synth_1/dont_touch.xdc, line 9).
---------------------------------------------------------------------------------
Finished applying 'set_property' XDC Constraints : Time (s): cpu = 00:00:11 ; elapsed = 00:00:11 . Memory (MB): peak = 2294.465 ; gain = 585.555 ; free physical = 6132 ; free virtual = 11740
---------------------------------------------------------------------------------
---------------------------------------------------------------------------------
Finished RTL Optimization Phase 2 : Time (s): cpu = 00:00:11 ; elapsed = 00:00:12 . Memory (MB): peak = 2294.465 ; gain = 585.555 ; free physical = 6131 ; free virtual = 11741
---------------------------------------------------------------------------------
---------------------------------------------------------------------------------
Start RTL Component Statistics 
---------------------------------------------------------------------------------
Detailed RTL Component Info : 
---------------------------------------------------------------------------------
Finished RTL Component Statistics 
---------------------------------------------------------------------------------
---------------------------------------------------------------------------------
Start Part Resource Summary
---------------------------------------------------------------------------------
Part Resources:
DSPs: 90 (col length:60)
BRAMs: 100 (col length: RAMB18 60 RAMB36 30)
---------------------------------------------------------------------------------
Finished Part Resource Summary
---------------------------------------------------------------------------------
---------------------------------------------------------------------------------
Start Cross Boundary and Area Optimization
---------------------------------------------------------------------------------
WARNING: [Synth 8-7080] Parallel synthesis criteria is not met
---------------------------------------------------------------------------------
Finished Cross Boundary and Area Optimization : Time (s): cpu = 00:00:12 ; elapsed = 00:00:12 . Memory (MB): peak = 2294.465 ; gain = 585.555 ; free physical = 6132 ; free virtual = 11742
---------------------------------------------------------------------------------
---------------------------------------------------------------------------------
Start Applying XDC Timing Constraints
---------------------------------------------------------------------------------
---------------------------------------------------------------------------------
Finished Applying XDC Timing Constraints : Time (s): cpu = 00:00:18 ; elapsed = 00:00:18 . Memory (MB): peak = 2294.465 ; gain = 585.555 ; free physical = 6139 ; free virtual = 11749
---------------------------------------------------------------------------------
---------------------------------------------------------------------------------
Start Timing Optimization
---------------------------------------------------------------------------------
---------------------------------------------------------------------------------
Finished Timing Optimization : Time (s): cpu = 00:00:18 ; elapsed = 00:00:18 . Memory (MB): peak = 2294.465 ; gain = 585.555 ; free physical = 6139 ; free virtual = 11749
---------------------------------------------------------------------------------
---------------------------------------------------------------------------------
Start Technology Mapping
---------------------------------------------------------------------------------
---------------------------------------------------------------------------------
Finished Technology Mapping : Time (s): cpu = 00:00:18 ; elapsed = 00:00:18 . Memory (MB): peak = 2294.465 ; gain = 585.555 ; free physical = 6139 ; free virtual = 11749
---------------------------------------------------------------------------------
---------------------------------------------------------------------------------
Start IO Insertion
---------------------------------------------------------------------------------
---------------------------------------------------------------------------------
Start Flattening Before IO Insertion
---------------------------------------------------------------------------------
---------------------------------------------------------------------------------
Finished Flattening Before IO Insertion
---------------------------------------------------------------------------------
---------------------------------------------------------------------------------
Start Final Netlist Cleanup
---------------------------------------------------------------------------------
---------------------------------------------------------------------------------
Finished Final Netlist Cleanup
---------------------------------------------------------------------------------
---------------------------------------------------------------------------------
Finished IO Insertion : Time (s): cpu = 00:00:21 ; elapsed = 00:00:21 . Memory (MB): peak = 2294.465 ; gain = 585.555 ; free physical = 6135 ; free virtual = 11745
---------------------------------------------------------------------------------
---------------------------------------------------------------------------------
Start Renaming Generated Instances
---------------------------------------------------------------------------------
---------------------------------------------------------------------------------
Finished Renaming Generated Instances : Time (s): cpu = 00:00:21 ; elapsed = 00:00:21 . Memory (MB): peak = 2294.465 ; gain = 585.555 ; free physical = 6135 ; free virtual = 11745
---------------------------------------------------------------------------------
---------------------------------------------------------------------------------
Start Rebuilding User Hierarchy
---------------------------------------------------------------------------------
---------------------------------------------------------------------------------
Finished Rebuilding User Hierarchy : Time (s): cpu = 00:00:21 ; elapsed = 00:00:21 . Memory (MB): peak = 2294.465 ; gain = 585.555 ; free physical = 6135 ; free virtual = 11745
---------------------------------------------------------------------------------
---------------------------------------------------------------------------------
Start Renaming Generated Ports
---------------------------------------------------------------------------------
---------------------------------------------------------------------------------
Finished Renaming Generated Ports : Time (s): cpu = 00:00:21 ; elapsed = 00:00:21 . Memory (MB): peak = 2294.465 ; gain = 585.555 ; free physical = 6135 ; free virtual = 11745
---------------------------------------------------------------------------------
---------------------------------------------------------------------------------
Start Handling Custom Attributes
---------------------------------------------------------------------------------
---------------------------------------------------------------------------------
Finished Handling Custom Attributes : Time (s): cpu = 00:00:21 ; elapsed = 00:00:21 . Memory (MB): peak = 2294.465 ; gain = 585.555 ; free physical = 6135 ; free virtual = 11745
---------------------------------------------------------------------------------
---------------------------------------------------------------------------------
Start Renaming Generated Nets
---------------------------------------------------------------------------------
---------------------------------------------------------------------------------
Finished Renaming Generated Nets : Time (s): cpu = 00:00:21 ; elapsed = 00:00:21 . Memory (MB): peak = 2294.465 ; gain = 585.555 ; free physical = 6135 ; free virtual = 11745
---------------------------------------------------------------------------------
---------------------------------------------------------------------------------
Start Writing Synthesis Report
---------------------------------------------------------------------------------

Report BlackBoxes: 
+-+--------------+----------+
| |BlackBox name |Instances |
+-+--------------+----------+
+-+--------------+----------+

Report Cell Usage: 
+------+-----------+------+
|      |Cell       |Count |
+------+-----------+------+
|1     |BUFG       |     2|
|2     |MMCME2_ADV |     1|
|3     |IBUF       |     1|
+------+-----------+------+
---------------------------------------------------------------------------------
Finished Writing Synthesis Report : Time (s): cpu = 00:00:21 ; elapsed = 00:00:21 . Memory (MB): peak = 2294.465 ; gain = 585.555 ; free physical = 6135 ; free virtual = 11745
---------------------------------------------------------------------------------
Synthesis finished with 0 errors, 0 critical warnings and 1 warnings.
Synthesis Optimization Runtime : Time (s): cpu = 00:00:20 ; elapsed = 00:00:20 . Memory (MB): peak = 2294.465 ; gain = 512.617 ; free physical = 6135 ; free virtual = 11745
Synthesis Optimization Complete : Time (s): cpu = 00:00:21 ; elapsed = 00:00:22 . Memory (MB): peak = 2294.473 ; gain = 585.555 ; free physical = 6135 ; free virtual = 11745
INFO: [Project 1-571] Translating synthesized netlist
Netlist sorting complete. Time (s): cpu = 00:00:00 ; elapsed = 00:00:00 . Memory (MB): peak = 2294.473 ; gain = 0.000 ; free physical = 6135 ; free virtual = 11745
INFO: [Netlist 29-17] Analyzing 1 Unisim elements for replacement
INFO: [Netlist 29-28] Unisim Transformation completed in 0 CPU seconds
INFO: [Project 1-570] Preparing netlist for logic optimization
INFO: [Opt 31-138] Pushed 0 inverter(s) to 0 load pin(s).
Netlist sorting complete. Time (s): cpu = 00:00:00 ; elapsed = 00:00:00 . Memory (MB): peak = 2294.473 ; gain = 0.000 ; free physical = 6471 ; free virtual = 12081
INFO: [Project 1-111] Unisim Transformation Summary:
No Unisim elements were transformed.

Synth Design complete | Checksum: 4c7e0c92
INFO: [Common 17-83] Releasing license: Synthesis
31 Infos, 1 Warnings, 0 Critical Warnings and 0 Errors encountered.
synth_design completed successfully
synth_design: Time (s): cpu = 00:00:28 ; elapsed = 00:00:26 . Memory (MB): peak = 2294.473 ; gain = 881.602 ; free physical = 6471 ; free virtual = 12081
INFO: [Common 17-2834] synth_design peak Physical Memory [PSS] (MB): overall = 1915.283; main = 1524.600; forked = 439.184
INFO: [Common 17-2834] synth_design peak Virtual Memory [VSS] (MB): overall = 3391.340; main = 2294.469; forked = 1096.871
Write ShapeDB Complete: Time (s): cpu = 00:00:00 ; elapsed = 00:00:00 . Memory (MB): peak = 2318.477 ; gain = 0.000 ; free physical = 6471 ; free virtual = 12081
INFO: [Common 17-1381] The checkpoint '/home/aringadre/cse100/lab6_2024.11.19.19.10/starter/synth/basys3/build/basys3/basys3.runs/mmcm_100_to_25_175_synth_1/mmcm_100_to_25_175.dcp' has been generated.
INFO: [Coretcl 2-1648] Added synthesis output to IP cache for IP mmcm_100_to_25_175, cache-ID = 7814716d572052bd
Write ShapeDB Complete: Time (s): cpu = 00:00:00 ; elapsed = 00:00:00 . Memory (MB): peak = 2374.504 ; gain = 0.000 ; free physical = 6463 ; free virtual = 12073
INFO: [Common 17-1381] The checkpoint '/home/aringadre/cse100/lab6_2024.11.19.19.10/starter/synth/basys3/build/basys3/basys3.runs/mmcm_100_to_25_175_synth_1/mmcm_100_to_25_175.dcp' has been generated.
INFO: [Vivado 12-24828] Executing command : report_utilization -file mmcm_100_to_25_175_utilization_synth.rpt -pb mmcm_100_to_25_175_utilization_synth.pb
INFO: [Common 17-206] Exiting Vivado at Mon Nov 25 16:26:30 2024...
